0 info it worked if it ends with ok
1 verbose cli [ '/Users/konradmichalik/.nvm/versions/node/v5.11.0/bin/node',
1 verbose cli   '/Users/konradmichalik/.nvm/versions/node/v5.11.0/bin/npm',
1 verbose cli   'run-script',
1 verbose cli   'package' ]
2 info using npm@3.8.6
3 info using node@v5.11.0
4 verbose run-script [ 'prepackage', 'package', 'postpackage' ]
5 info lifecycle electron-ampersand@0.3.0~prepackage: electron-ampersand@0.3.0
6 silly lifecycle electron-ampersand@0.3.0~prepackage: no script for prepackage, continuing
7 info lifecycle electron-ampersand@0.3.0~package: electron-ampersand@0.3.0
8 verbose lifecycle electron-ampersand@0.3.0~package: unsafe-perm in lifecycle true
9 verbose lifecycle electron-ampersand@0.3.0~package: PATH: /Users/konradmichalik/.nvm/versions/node/v5.11.0/lib/node_modules/npm/bin/node-gyp-bin:/Users/konradmichalik/Dropbox/prjcts/web/ampersand/node_modules/.bin:/Users/konradmichalik/.nvm/versions/node/v5.11.0/bin:/usr/local/php5/bin:/Users/konradmichalik/.nvm/versions/node/v5.11.0/bin:/usr/local/bin:/usr/bin:/bin:/usr/sbin:/sbin:/opt/X11/bin:/Library/TeX/texbin
10 verbose lifecycle electron-ampersand@0.3.0~package: CWD: /Users/konradmichalik/Dropbox/prjcts/web/ampersand
11 silly lifecycle electron-ampersand@0.3.0~package: Args: [ '-c',
11 silly lifecycle   'npm run package:win32 && npm run package:win64 && npm run package:osx && npm run package:linux' ]
12 silly lifecycle electron-ampersand@0.3.0~package: Returned: code: 1  signal: null
13 info lifecycle electron-ampersand@0.3.0~package: Failed to exec package script
14 verbose stack Error: electron-ampersand@0.3.0 package: `npm run package:win32 && npm run package:win64 && npm run package:osx && npm run package:linux`
14 verbose stack Exit status 1
14 verbose stack     at EventEmitter.<anonymous> (/Users/konradmichalik/.nvm/versions/node/v5.11.0/lib/node_modules/npm/lib/utils/lifecycle.js:239:16)
14 verbose stack     at emitTwo (events.js:100:13)
14 verbose stack     at EventEmitter.emit (events.js:185:7)
14 verbose stack     at ChildProcess.<anonymous> (/Users/konradmichalik/.nvm/versions/node/v5.11.0/lib/node_modules/npm/lib/utils/spawn.js:24:14)
14 verbose stack     at emitTwo (events.js:100:13)
14 verbose stack     at ChildProcess.emit (events.js:185:7)
14 verbose stack     at maybeClose (internal/child_process.js:850:16)
14 verbose stack     at Process.ChildProcess._handle.onexit (internal/child_process.js:215:5)
15 verbose pkgid electron-ampersand@0.3.0
16 verbose cwd /Users/konradmichalik/Dropbox/prjcts/web/ampersand
17 error Darwin 15.6.0
18 error argv "/Users/konradmichalik/.nvm/versions/node/v5.11.0/bin/node" "/Users/konradmichalik/.nvm/versions/node/v5.11.0/bin/npm" "run-script" "package"
19 error node v5.11.0
20 error npm  v3.8.6
21 error code ELIFECYCLE
22 error electron-ampersand@0.3.0 package: `npm run package:win32 && npm run package:win64 && npm run package:osx && npm run package:linux`
22 error Exit status 1
23 error Failed at the electron-ampersand@0.3.0 package script 'npm run package:win32 && npm run package:win64 && npm run package:osx && npm run package:linux'.
23 error Make sure you have the latest version of node.js and npm installed.
23 error If you do, this is most likely a problem with the electron-ampersand package,
23 error not with npm itself.
23 error Tell the author that this fails on your system:
23 error     npm run package:win32 && npm run package:win64 && npm run package:osx && npm run package:linux
23 error You can get information on how to open an issue for this project with:
23 error     npm bugs electron-ampersand
23 error Or if that isn't available, you can get their info via:
23 error     npm owner ls electron-ampersand
23 error There is likely additional logging output above.
24 verbose exit [ 1, true ]
